2025-02-06T02:09:02 | touched: README.md
2025-02-17T12:52:33 | touched: LICENSE
2025-04-16T00:05:43 | touched: package.json
2025-09-02T21:21:53 | touched: package.json
2026-01-06T23:09:01 | touched: README.md
2026-01-15T14:06:42 | touched: hardhat.config.js
2025-10-21T18:15:27 | touched: README.md
2025-06-22T06:44:13 | touched: package.json
2025-01-31T15:33:55 | touched: hardhat.config.js
2025-09-19T01:59:27 | touched: test/Compoundfinance.test.js
2025-08-26T01:10:59 | touched: contracts/Compoundfinance.sol
2025-12-28T12:39:12 | touched: README.md
2025-06-18T07:10:34 | touched: hardhat.config.js
2025-11-26T23:26:15 | touched: hardhat.config.js
2025-01-25T04:02:36 | touched: README.md
2025-03-13T09:19:04 | touched: test/Compoundfinance.test.js
2025-02-17T14:03:51 | touched: LICENSE
2025-04-04T04:44:05 | touched: .env.example
2025-03-25T18:44:12 | touched: LICENSE
2025-05-26T07:19:16 | touched: .env.example
2025-05-24T08:17:19 | touched: hardhat.config.js
2025-10-23T02:17:41 | touched: contracts/Compoundfinance.sol
2025-09-02T20:13:51 | touched: test/Compoundfinance.test.js
2025-07-30T09:07:25 | touched: scripts/deploy.js
2025-08-11T03:22:00 | touched: contracts/Compoundfinance.sol
2025-02-10T12:05:19 | touched: LICENSE
2025-04-07T08:08:56 | touched: scripts/deploy.js
2025-03-02T03:43:12 | touched: contracts/Compoundfinance.sol
2025-04-11T08:24:43 | touched: test/Compoundfinance.test.js
2025-06-19T11:38:08 | touched: README.md
2025-06-12T04:26:29 | touched: test/Compoundfinance.test.js
2025-05-19T18:01:28 | touched: test/Compoundfinance.test.js
2025-01-30T22:20:25 | touched: package.json
2025-03-26T05:28:52 | touched: package.json
2025-09-11T00:00:17 | touched: test/Compoundfinance.test.js
2025-04-12T04:53:58 | touched: README.md
2025-01-25T01:52:38 | touched: LICENSE
2025-03-28T16:57:42 | touched: .env.example
